2013-04-11 18:00:11 Warning: Warning (2): fopen(/opt/lampp/htdocs/piadvisor-1/piadvisor-1/app/tmp/cache/persistent/cake_core_dir_map) [<a href='http://php.net/function.fopen'>function.fopen</a>]: failed to open stream: Permission denied in [/opt/lampp/htdocs/piadvisor-1/piadvisor-1/cake/libs/cache/file.php, line 142]
2013-04-11 18:00:11 Warning: Warning (2): fopen(/opt/lampp/htdocs/piadvisor-1/piadvisor-1/app/tmp/cache/persistent/cake_core_file_map) [<a href='http://php.net/function.fopen'>function.fopen</a>]: failed to open stream: Permission denied in [/opt/lampp/htdocs/piadvisor-1/piadvisor-1/cake/libs/cache/file.php, line 142]
2013-04-11 18:00:11 Warning: Warning (2): fopen(/opt/lampp/htdocs/piadvisor-1/piadvisor-1/app/tmp/cache/persistent/cake_core_object_map) [<a href='http://php.net/function.fopen'>function.fopen</a>]: failed to open stream: Permission denied in [/opt/lampp/htdocs/piadvisor-1/piadvisor-1/cake/libs/cache/file.php, line 142]
2013-04-11 18:00:27 Warning: Warning (2): fopen(/opt/lampp/htdocs/piadvisor-1/piadvisor-1/app/tmp/cache/persistent/cake_core_dir_map) [<a href='http://php.net/function.fopen'>function.fopen</a>]: failed to open stream: Permission denied in [/opt/lampp/htdocs/piadvisor-1/piadvisor-1/cake/libs/cache/file.php, line 142]
2013-04-11 18:00:27 Warning: Warning (2): fopen(/opt/lampp/htdocs/piadvisor-1/piadvisor-1/app/tmp/cache/persistent/cake_core_file_map) [<a href='http://php.net/function.fopen'>function.fopen</a>]: failed to open stream: Permission denied in [/opt/lampp/htdocs/piadvisor-1/piadvisor-1/cake/libs/cache/file.php, line 142]
2013-04-11 18:00:27 Warning: Warning (2): fopen(/opt/lampp/htdocs/piadvisor-1/piadvisor-1/app/tmp/cache/persistent/cake_core_object_map) [<a href='http://php.net/function.fopen'>function.fopen</a>]: failed to open stream: Permission denied in [/opt/lampp/htdocs/piadvisor-1/piadvisor-1/cake/libs/cache/file.php, line 142]
2013-04-11 18:01:14 Warning: Warning (2): fopen(/opt/lampp/htdocs/piadvisor-1/piadvisor-1/app/tmp/cache/persistent/cake_core_default_en-us) [<a href='http://php.net/function.fopen'>function.fopen</a>]: failed to open stream: Permission denied in [/opt/lampp/htdocs/piadvisor-1/piadvisor-1/cake/libs/cache/file.php, line 142]
2013-04-11 18:20:02 Warning: Warning (512): Method FormHelper::postLink does not exist in [/opt/lampp/htdocs/piadvisor-1/piadvisor-1/cake/libs/view/helper.php, line 154]
2013-04-11 18:20:33 Warning: Warning (512): Method FormHelper::postLink does not exist in [/opt/lampp/htdocs/piadvisor-1/piadvisor-1/cake/libs/view/helper.php, line 154]
2013-04-11 18:20:41 Warning: Warning (512): Method FormHelper::postLink does not exist in [/opt/lampp/htdocs/piadvisor-1/piadvisor-1/cake/libs/view/helper.php, line 154]
2013-04-11 18:21:08 Warning: Warning (512): Method FormHelper::postLink does not exist in [/opt/lampp/htdocs/piadvisor-1/piadvisor-1/cake/libs/view/helper.php, line 154]
2013-04-11 18:21:30 Warning: Warning (512): Method FormHelper::postLink does not exist in [/opt/lampp/htdocs/piadvisor-1/piadvisor-1/cake/libs/view/helper.php, line 154]
2013-04-11 18:21:32 Warning: Warning (512): Method FormHelper::postLink does not exist in [/opt/lampp/htdocs/piadvisor-1/piadvisor-1/cake/libs/view/helper.php, line 154]
2013-04-11 18:21:38 Warning: Warning (512): Method FormHelper::postLink does not exist in [/opt/lampp/htdocs/piadvisor-1/piadvisor-1/cake/libs/view/helper.php, line 154]
2013-04-11 18:21:47 Warning: Warning (512): Method FormHelper::postLink does not exist in [/opt/lampp/htdocs/piadvisor-1/piadvisor-1/cake/libs/view/helper.php, line 154]
2013-04-11 18:23:27 Warning: Warning (512): Method FormHelper::postLink does not exist in [/opt/lampp/htdocs/piadvisor-1/piadvisor-1/cake/libs/view/helper.php, line 154]
2013-04-11 18:35:28 Warning: Warning (512): Method FormHelper::postLink does not exist in [/opt/lampp/htdocs/piadvisor-1/piadvisor-1/cake/libs/view/helper.php, line 154]
2013-04-11 19:08:41 Warning: Warning (2): Invalid argument supplied for foreach() in [/opt/lampp/htdocs/piadvisor-1/piadvisor-1/app/controllers/pages_controller.php, line 268]
2013-04-11 19:08:46 Warning: Warning (2): Invalid argument supplied for foreach() in [/opt/lampp/htdocs/piadvisor-1/piadvisor-1/app/controllers/pages_controller.php, line 268]
2013-04-11 19:08:57 Warning: Warning (2): Invalid argument supplied for foreach() in [/opt/lampp/htdocs/piadvisor-1/piadvisor-1/app/controllers/pages_controller.php, line 268]
2013-04-13 22:22:57 Warning: Warning (512): Method FormHelper::postLink does not exist in [/opt/lampp/htdocs/piadvisor-1/piadvisor-1/cake/libs/view/helper.php, line 154]
2013-04-13 22:27:17 Warning: Warning (512): Method FormHelper::postLink does not exist in [/opt/lampp/htdocs/piadvisor-1/piadvisor-1/cake/libs/view/helper.php, line 154]
2013-04-15 04:08:39 Warning: Warning (512): /opt/lampp/htdocs/piadvisor-1/app/tmp/cache/persistent/ is not writable in [/opt/lampp/htdocs/piadvisor-1/cake/libs/cache/file.php, line 281]
2013-04-15 19:09:44 Warning: Warning (512): C:\xampp2\htdocs\piadvisor-1\app\tmp\cache\persistent\ is not writable in [C:\xampp2\htdocs\piadvisor-1\cake\libs\cache\file.php, line 281]
2013-04-15 19:09:58 Warning: Warning (512): C:\xampp2\htdocs\piadvisor-1\app\tmp\cache\persistent\ is not writable in [C:\xampp2\htdocs\piadvisor-1\cake\libs\cache\file.php, line 281]
2013-04-15 19:10:00 Warning: Warning (512): C:\xampp2\htdocs\piadvisor-1\app\tmp\cache\persistent\ is not writable in [C:\xampp2\htdocs\piadvisor-1\cake\libs\cache\file.php, line 281]
2013-04-17 19:13:55 Warning: Warning (512): C:\xampp2\htdocs\piadvisor-1\app\tmp\cache\persistent\ is not writable in [C:\xampp2\htdocs\piadvisor-1\cake\libs\cache\file.php, line 281]
2013-04-17 19:15:31 Warning: Warning (512): C:\xampp2\htdocs\piadvisor-1\app\tmp\cache\persistent\ is not writable in [C:\xampp2\htdocs\piadvisor-1\cake\libs\cache\file.php, line 281]
2013-04-17 19:15:33 Warning: Warning (512): C:\xampp2\htdocs\piadvisor-1\app\tmp\cache\persistent\ is not writable in [C:\xampp2\htdocs\piadvisor-1\cake\libs\cache\file.php, line 281]
2013-04-18 23:13:33 Warning: Warning (512): C:\xampp\htdocs\piadvisor-1\app\tmp\cache\persistent\ is not writable in [C:\xampp\htdocs\piadvisor-1\cake\libs\cache\file.php, line 281]
2013-04-18 23:13:38 Warning: Warning (512): C:\xampp\htdocs\piadvisor-1\app\tmp\cache\persistent\ is not writable in [C:\xampp\htdocs\piadvisor-1\cake\libs\cache\file.php, line 281]
2013-04-18 23:13:45 Warning: Warning (512): C:\xampp\htdocs\piadvisor-1\app\tmp\cache\persistent\ is not writable in [C:\xampp\htdocs\piadvisor-1\cake\libs\cache\file.php, line 281]
2013-04-18 23:13:52 Warning: Warning (512): C:\xampp\htdocs\piadvisor-1\app\tmp\cache\persistent\ is not writable in [C:\xampp\htdocs\piadvisor-1\cake\libs\cache\file.php, line 281]
2013-04-18 23:14:02 Warning: Warning (512): C:\xampp\htdocs\piadvisor-1\app\tmp\cache\persistent\ is not writable in [C:\xampp\htdocs\piadvisor-1\cake\libs\cache\file.php, line 281]
2013-04-18 23:14:45 Warning: Warning (512): C:\xampp\htdocs\piadvisor-1\app\tmp\cache\persistent\ is not writable in [C:\xampp\htdocs\piadvisor-1\cake\libs\cache\file.php, line 281]
2013-04-18 23:15:00 Warning: Warning (512): C:\xampp\htdocs\piadvisor-1\app\tmp\cache\persistent\ is not writable in [C:\xampp\htdocs\piadvisor-1\cake\libs\cache\file.php, line 281]
2013-04-18 23:15:15 Warning: Warning (512): C:\xampp\htdocs\piadvisor-1\app\tmp\cache\persistent\ is not writable in [C:\xampp\htdocs\piadvisor-1\cake\libs\cache\file.php, line 281]
2013-04-18 23:21:44 Warning: Warning (512): C:\xampp\htdocs\piadvisor-1\app\tmp\cache\persistent\ is not writable in [C:\xampp\htdocs\piadvisor-1\cake\libs\cache\file.php, line 281]
2013-04-18 23:22:01 Warning: Warning (512): C:\xampp\htdocs\piadvisor-1\app\tmp\cache\persistent\ is not writable in [C:\xampp\htdocs\piadvisor-1\cake\libs\cache\file.php, line 281]
2013-04-18 23:22:03 Warning: Warning (512): C:\xampp\htdocs\piadvisor-1\app\tmp\cache\persistent\ is not writable in [C:\xampp\htdocs\piadvisor-1\cake\libs\cache\file.php, line 281]
2013-04-18 23:22:15 Warning: Warning (512): C:\xampp\htdocs\piadvisor-1\app\tmp\cache\persistent\ is not writable in [C:\xampp\htdocs\piadvisor-1\cake\libs\cache\file.php, line 281]
2013-04-18 23:22:21 Warning: Warning (512): C:\xampp\htdocs\piadvisor-1\app\tmp\cache\persistent\ is not writable in [C:\xampp\htdocs\piadvisor-1\cake\libs\cache\file.php, line 281]
2013-04-18 23:22:23 Warning: Warning (512): C:\xampp\htdocs\piadvisor-1\app\tmp\cache\persistent\ is not writable in [C:\xampp\htdocs\piadvisor-1\cake\libs\cache\file.php, line 281]
2013-04-18 23:22:30 Warning: Warning (512): C:\xampp\htdocs\piadvisor-1\app\tmp\cache\persistent\ is not writable in [C:\xampp\htdocs\piadvisor-1\cake\libs\cache\file.php, line 281]
2013-04-18 23:22:43 Warning: Warning (512): C:\xampp\htdocs\piadvisor-1\app\tmp\cache\persistent\ is not writable in [C:\xampp\htdocs\piadvisor-1\cake\libs\cache\file.php, line 281]
2013-04-18 23:22:45 Warning: Warning (512): C:\xampp\htdocs\piadvisor-1\app\tmp\cache\persistent\ is not writable in [C:\xampp\htdocs\piadvisor-1\cake\libs\cache\file.php, line 281]
2013-04-18 23:22:50 Warning: Warning (512): C:\xampp\htdocs\piadvisor-1\app\tmp\cache\persistent\ is not writable in [C:\xampp\htdocs\piadvisor-1\cake\libs\cache\file.php, line 281]
2013-04-18 23:22:55 Warning: Warning (512): C:\xampp\htdocs\piadvisor-1\app\tmp\cache\persistent\ is not writable in [C:\xampp\htdocs\piadvisor-1\cake\libs\cache\file.php, line 281]
2013-04-18 23:22:58 Warning: Warning (512): C:\xampp\htdocs\piadvisor-1\app\tmp\cache\persistent\ is not writable in [C:\xampp\htdocs\piadvisor-1\cake\libs\cache\file.php, line 281]
2013-04-18 23:23:06 Warning: Warning (512): C:\xampp\htdocs\piadvisor-1\app\tmp\cache\persistent\ is not writable in [C:\xampp\htdocs\piadvisor-1\cake\libs\cache\file.php, line 281]
2013-04-18 23:23:23 Warning: Warning (512): C:\xampp\htdocs\piadvisor-1\app\tmp\cache\persistent\ is not writable in [C:\xampp\htdocs\piadvisor-1\cake\libs\cache\file.php, line 281]
2013-04-18 23:23:25 Warning: Warning (512): C:\xampp\htdocs\piadvisor-1\app\tmp\cache\persistent\ is not writable in [C:\xampp\htdocs\piadvisor-1\cake\libs\cache\file.php, line 281]
2013-04-18 23:23:34 Warning: Warning (512): C:\xampp\htdocs\piadvisor-1\app\tmp\cache\persistent\ is not writable in [C:\xampp\htdocs\piadvisor-1\cake\libs\cache\file.php, line 281]
2013-04-18 23:23:43 Warning: Warning (512): C:\xampp\htdocs\piadvisor-1\app\tmp\cache\persistent\ is not writable in [C:\xampp\htdocs\piadvisor-1\cake\libs\cache\file.php, line 281]
2013-04-18 23:23:45 Warning: Warning (512): C:\xampp\htdocs\piadvisor-1\app\tmp\cache\persistent\ is not writable in [C:\xampp\htdocs\piadvisor-1\cake\libs\cache\file.php, line 281]
2013-04-18 23:23:51 Warning: Warning (512): C:\xampp\htdocs\piadvisor-1\app\tmp\cache\persistent\ is not writable in [C:\xampp\htdocs\piadvisor-1\cake\libs\cache\file.php, line 281]
2013-04-18 23:24:00 Warning: Warning (512): C:\xampp\htdocs\piadvisor-1\app\tmp\cache\persistent\ is not writable in [C:\xampp\htdocs\piadvisor-1\cake\libs\cache\file.php, line 281]
2013-04-18 23:24:02 Warning: Warning (512): C:\xampp\htdocs\piadvisor-1\app\tmp\cache\persistent\ is not writable in [C:\xampp\htdocs\piadvisor-1\cake\libs\cache\file.php, line 281]
2013-04-21 00:02:09 Warning: Warning (512): DbAcl::allow() - Invalid node in [C:\xampp\htdocs\piadvisor-1\cake\libs\controller\components\acl.php, line 361]
2013-04-21 19:02:52 Warning: Warning (512): C:\xampp2\htdocs\piadvisor-1\app\tmp\cache\persistent\ is not writable in [C:\xampp2\htdocs\piadvisor-1\cake\libs\cache\file.php, line 281]
2013-04-21 19:02:52 Warning: Warning (512): C:\xampp2\htdocs\piadvisor-1\app\tmp\cache\models\ is not writable in [C:\xampp2\htdocs\piadvisor-1\cake\libs\cache\file.php, line 281]
2013-04-21 19:03:39 Warning: Warning (512): C:\xampp2\htdocs\piadvisor-1\app\tmp\cache\models\ is not writable in [C:\xampp2\htdocs\piadvisor-1\cake\libs\cache\file.php, line 281]
2013-04-21 22:44:47 Warning: Warning (512): DbAcl::check() - Failed ARO/ACO node lookup in permissions check.  Node references:
Aro: Array
(
    [User] => Array
        (
            [id] => 2
            [username] => admin
            [group_id] => 2
            [created] => 2013-04-19 00:12:07
            [modified] => 2013-04-19 00:12:07
        )

)

Aco: controllers/Regiones/index in [C:\xampp\htdocs\piadvisor-1\cake\libs\controller\components\acl.php, line 273]
2013-04-21 22:49:52 Warning: Warning (512): DbAcl::allow() - Invalid node in [C:\xampp\htdocs\piadvisor-1\cake\libs\controller\components\acl.php, line 361]
2013-04-21 22:49:53 Warning: Warning (512): DbAcl::allow() - Invalid node in [C:\xampp\htdocs\piadvisor-1\cake\libs\controller\components\acl.php, line 361]
2013-04-22 00:04:50 Warning: Warning (512): C:\xampp\htdocs\piadvisor-1\app\tmp\cache\persistent\ is not writable in [C:\xampp\htdocs\piadvisor-1\cake\libs\cache\file.php, line 281]
2013-04-22 00:04:50 Warning: Warning (512): C:\xampp\htdocs\piadvisor-1\app\tmp\cache\models\ is not writable in [C:\xampp\htdocs\piadvisor-1\cake\libs\cache\file.php, line 281]
2013-04-22 00:04:51 Warning: Warning (512): C:\xampp\htdocs\piadvisor-1\app\tmp\cache\persistent\ is not writable in [C:\xampp\htdocs\piadvisor-1\cake\libs\cache\file.php, line 281]
2013-04-22 00:04:51 Warning: Warning (512): C:\xampp\htdocs\piadvisor-1\app\tmp\cache\models\ is not writable in [C:\xampp\htdocs\piadvisor-1\cake\libs\cache\file.php, line 281]
2013-04-22 00:19:11 Warning: Warning (512): DbAcl::check() - Failed ARO/ACO node lookup in permissions check.  Node references:
Aro: Array
(
    [User] => Array
        (
            [id] => 3
            [username] => user
            [group_id] => 3
            [created] => 2013-04-19 00:12:31
            [modified] => 2013-04-19 00:12:31
        )

)

Aco: controllers/Regiones/index in [C:\xampp\htdocs\piadvisor-1\cake\libs\controller\components\acl.php, line 273]
2013-04-22 00:20:26 Warning: Warning (512): DbAcl::check() - Failed ARO/ACO node lookup in permissions check.  Node references:
Aro: Array
(
    [User] => Array
        (
            [id] => 3
            [username] => user
            [group_id] => 3
            [created] => 2013-04-19 00:12:31
            [modified] => 2013-04-19 00:12:31
        )

)

Aco: controllers/Regiones/index in [C:\xampp\htdocs\piadvisor-1\cake\libs\controller\components\acl.php, line 273]
2013-04-22 00:20:57 Warning: Warning (512): DbAcl::check() - Failed ARO/ACO node lookup in permissions check.  Node references:
Aro: Array
(
    [User] => Array
        (
            [id] => 2
            [username] => admin
            [group_id] => 2
            [created] => 2013-04-19 00:12:07
            [modified] => 2013-04-19 00:12:07
        )

)

Aco: controllers/Regiones/index in [C:\xampp\htdocs\piadvisor-1\cake\libs\controller\components\acl.php, line 273]
2013-04-22 00:21:47 Warning: Warning (512): DbAcl::check() - Failed ARO/ACO node lookup in permissions check.  Node references:
Aro: Array
(
    [User] => Array
        (
            [id] => 2
            [username] => admin
            [group_id] => 2
            [created] => 2013-04-19 00:12:07
            [modified] => 2013-04-19 00:12:07
        )

)

Aco: controllers/Regiones/index in [C:\xampp\htdocs\piadvisor-1\cake\libs\controller\components\acl.php, line 273]
2013-04-22 00:26:54 Warning: Warning (512): DbAcl::allow() - Invalid node in [C:\xampp\htdocs\piadvisor-1\cake\libs\controller\components\acl.php, line 361]
2013-04-22 19:10:11 Warning: Warning (512): <span style="color:Red;text-align:left"><b>SQL Error:</b> 1054: Unknown column 'Pais.continente' in 'where clause'</span> in [C:\xampp2\htdocs\piadvisor-1\cake\libs\model\datasources\dbo_source.php, line 684]
2013-04-22 19:10:11 Warning: Warning (2): Invalid argument supplied for foreach() in [C:\xampp2\htdocs\piadvisor-1\app\views\pages\movil\listado_universidades.ctp, line 97]
2013-04-22 19:17:48 Warning: Warning (2): Invalid argument supplied for foreach() in [C:\xampp2\htdocs\piadvisor-1\app\views\pages\movil\listado_universidades.ctp, line 95]
2013-04-25 05:09:32 Warning: Warning (512): C:\xampp\htdocs\piadvisor-1\app\tmp\cache\persistent\ is not writable in [C:\xampp\htdocs\piadvisor-1\cake\libs\cache\file.php, line 281]
2013-04-25 05:09:32 Warning: Warning (512): C:\xampp\htdocs\piadvisor-1\app\tmp\cache\models\ is not writable in [C:\xampp\htdocs\piadvisor-1\cake\libs\cache\file.php, line 281]
2013-04-25 05:09:35 Warning: Warning (512): C:\xampp\htdocs\piadvisor-1\app\tmp\cache\persistent\ is not writable in [C:\xampp\htdocs\piadvisor-1\cake\libs\cache\file.php, line 281]
2013-04-25 05:09:35 Warning: Warning (512): C:\xampp\htdocs\piadvisor-1\app\tmp\cache\models\ is not writable in [C:\xampp\htdocs\piadvisor-1\cake\libs\cache\file.php, line 281]
2013-04-25 05:09:38 Warning: Warning (512): C:\xampp\htdocs\piadvisor-1\app\tmp\cache\persistent\ is not writable in [C:\xampp\htdocs\piadvisor-1\cake\libs\cache\file.php, line 281]
2013-04-25 05:09:38 Warning: Warning (512): C:\xampp\htdocs\piadvisor-1\app\tmp\cache\models\ is not writable in [C:\xampp\htdocs\piadvisor-1\cake\libs\cache\file.php, line 281]
2013-04-25 05:09:51 Warning: Warning (512): C:\xampp\htdocs\piadvisor-1\app\tmp\cache\persistent\ is not writable in [C:\xampp\htdocs\piadvisor-1\cake\libs\cache\file.php, line 281]
2013-04-25 05:09:51 Warning: Warning (512): C:\xampp\htdocs\piadvisor-1\app\tmp\cache\models\ is not writable in [C:\xampp\htdocs\piadvisor-1\cake\libs\cache\file.php, line 281]
2013-04-25 05:09:53 Warning: Warning (512): C:\xampp\htdocs\piadvisor-1\app\tmp\cache\persistent\ is not writable in [C:\xampp\htdocs\piadvisor-1\cake\libs\cache\file.php, line 281]
2013-04-25 05:09:53 Warning: Warning (512): C:\xampp\htdocs\piadvisor-1\app\tmp\cache\models\ is not writable in [C:\xampp\htdocs\piadvisor-1\cake\libs\cache\file.php, line 281]
2013-04-25 05:10:04 Warning: Warning (512): C:\xampp\htdocs\piadvisor-1\app\tmp\cache\persistent\ is not writable in [C:\xampp\htdocs\piadvisor-1\cake\libs\cache\file.php, line 281]
2013-04-25 05:10:04 Warning: Warning (512): C:\xampp\htdocs\piadvisor-1\app\tmp\cache\models\ is not writable in [C:\xampp\htdocs\piadvisor-1\cake\libs\cache\file.php, line 281]
2013-04-25 05:10:06 Warning: Warning (512): C:\xampp\htdocs\piadvisor-1\app\tmp\cache\persistent\ is not writable in [C:\xampp\htdocs\piadvisor-1\cake\libs\cache\file.php, line 281]
2013-04-25 05:10:06 Warning: Warning (512): C:\xampp\htdocs\piadvisor-1\app\tmp\cache\models\ is not writable in [C:\xampp\htdocs\piadvisor-1\cake\libs\cache\file.php, line 281]
2013-04-25 05:10:53 Warning: Warning (512): C:\xampp\htdocs\piadvisor-1\app\tmp\cache\persistent\ is not writable in [C:\xampp\htdocs\piadvisor-1\cake\libs\cache\file.php, line 281]
2013-04-25 05:10:53 Warning: Warning (512): C:\xampp\htdocs\piadvisor-1\app\tmp\cache\models\ is not writable in [C:\xampp\htdocs\piadvisor-1\cake\libs\cache\file.php, line 281]
2013-04-25 05:10:59 Warning: Warning (512): C:\xampp\htdocs\piadvisor-1\app\tmp\cache\persistent\ is not writable in [C:\xampp\htdocs\piadvisor-1\cake\libs\cache\file.php, line 281]
2013-04-25 05:11:00 Warning: Warning (512): C:\xampp\htdocs\piadvisor-1\app\tmp\cache\models\ is not writable in [C:\xampp\htdocs\piadvisor-1\cake\libs\cache\file.php, line 281]
2013-04-25 05:11:22 Warning: Warning (512): C:\xampp\htdocs\piadvisor-1\app\tmp\cache\persistent\ is not writable in [C:\xampp\htdocs\piadvisor-1\cake\libs\cache\file.php, line 281]
2013-04-25 05:11:22 Warning: Warning (512): C:\xampp\htdocs\piadvisor-1\app\tmp\cache\models\ is not writable in [C:\xampp\htdocs\piadvisor-1\cake\libs\cache\file.php, line 281]
2013-04-25 05:17:16 Warning: Warning (512): C:\xampp\htdocs\piadvisor-1\app\tmp\cache\persistent\ is not writable in [C:\xampp\htdocs\piadvisor-1\cake\libs\cache\file.php, line 281]
2013-04-25 05:17:16 Warning: Warning (512): C:\xampp\htdocs\piadvisor-1\app\tmp\cache\models\ is not writable in [C:\xampp\htdocs\piadvisor-1\cake\libs\cache\file.php, line 281]
2013-04-25 05:17:33 Warning: Warning (512): C:\xampp\htdocs\piadvisor-1\app\tmp\cache\persistent\ is not writable in [C:\xampp\htdocs\piadvisor-1\cake\libs\cache\file.php, line 281]
2013-04-25 05:17:34 Warning: Warning (512): C:\xampp\htdocs\piadvisor-1\app\tmp\cache\models\ is not writable in [C:\xampp\htdocs\piadvisor-1\cake\libs\cache\file.php, line 281]
2013-04-25 05:17:45 Warning: Warning (512): C:\xampp\htdocs\piadvisor-1\app\tmp\cache\persistent\ is not writable in [C:\xampp\htdocs\piadvisor-1\cake\libs\cache\file.php, line 281]
2013-04-25 05:17:45 Warning: Warning (512): C:\xampp\htdocs\piadvisor-1\app\tmp\cache\models\ is not writable in [C:\xampp\htdocs\piadvisor-1\cake\libs\cache\file.php, line 281]
2013-04-25 05:17:59 Warning: Warning (512): C:\xampp\htdocs\piadvisor-1\app\tmp\cache\persistent\ is not writable in [C:\xampp\htdocs\piadvisor-1\cake\libs\cache\file.php, line 281]
2013-04-25 05:17:59 Warning: Warning (512): C:\xampp\htdocs\piadvisor-1\app\tmp\cache\models\ is not writable in [C:\xampp\htdocs\piadvisor-1\cake\libs\cache\file.php, line 281]
2013-04-25 05:18:16 Warning: Warning (512): C:\xampp\htdocs\piadvisor-1\app\tmp\cache\persistent\ is not writable in [C:\xampp\htdocs\piadvisor-1\cake\libs\cache\file.php, line 281]
2013-04-25 05:18:16 Warning: Warning (512): C:\xampp\htdocs\piadvisor-1\app\tmp\cache\models\ is not writable in [C:\xampp\htdocs\piadvisor-1\cake\libs\cache\file.php, line 281]
2013-04-25 05:21:29 Warning: Warning (512): C:\xampp\htdocs\piadvisor-1\app\tmp\cache\persistent\ is not writable in [C:\xampp\htdocs\piadvisor-1\cake\libs\cache\file.php, line 281]
2013-04-25 05:21:29 Warning: Warning (512): C:\xampp\htdocs\piadvisor-1\app\tmp\cache\models\ is not writable in [C:\xampp\htdocs\piadvisor-1\cake\libs\cache\file.php, line 281]
2013-04-25 05:21:36 Warning: Warning (512): C:\xampp\htdocs\piadvisor-1\app\tmp\cache\persistent\ is not writable in [C:\xampp\htdocs\piadvisor-1\cake\libs\cache\file.php, line 281]
2013-04-25 05:21:36 Warning: Warning (512): C:\xampp\htdocs\piadvisor-1\app\tmp\cache\models\ is not writable in [C:\xampp\htdocs\piadvisor-1\cake\libs\cache\file.php, line 281]
2013-04-25 05:22:05 Warning: Warning (512): C:\xampp\htdocs\piadvisor-1\app\tmp\cache\persistent\ is not writable in [C:\xampp\htdocs\piadvisor-1\cake\libs\cache\file.php, line 281]
2013-04-25 05:22:05 Warning: Warning (512): C:\xampp\htdocs\piadvisor-1\app\tmp\cache\models\ is not writable in [C:\xampp\htdocs\piadvisor-1\cake\libs\cache\file.php, line 281]
2013-04-25 05:22:19 Warning: Warning (512): C:\xampp\htdocs\piadvisor-1\app\tmp\cache\persistent\ is not writable in [C:\xampp\htdocs\piadvisor-1\cake\libs\cache\file.php, line 281]
2013-04-25 05:22:19 Warning: Warning (512): C:\xampp\htdocs\piadvisor-1\app\tmp\cache\models\ is not writable in [C:\xampp\htdocs\piadvisor-1\cake\libs\cache\file.php, line 281]
2013-04-25 05:22:51 Warning: Warning (512): C:\xampp\htdocs\piadvisor-1\app\tmp\cache\persistent\ is not writable in [C:\xampp\htdocs\piadvisor-1\cake\libs\cache\file.php, line 281]
2013-04-25 05:22:51 Warning: Warning (512): C:\xampp\htdocs\piadvisor-1\app\tmp\cache\models\ is not writable in [C:\xampp\htdocs\piadvisor-1\cake\libs\cache\file.php, line 281]
2013-04-25 05:23:07 Warning: Warning (512): C:\xampp\htdocs\piadvisor-1\app\tmp\cache\persistent\ is not writable in [C:\xampp\htdocs\piadvisor-1\cake\libs\cache\file.php, line 281]
2013-04-25 05:23:07 Warning: Warning (512): C:\xampp\htdocs\piadvisor-1\app\tmp\cache\models\ is not writable in [C:\xampp\htdocs\piadvisor-1\cake\libs\cache\file.php, line 281]
2013-04-25 05:23:17 Warning: Warning (512): C:\xampp\htdocs\piadvisor-1\app\tmp\cache\persistent\ is not writable in [C:\xampp\htdocs\piadvisor-1\cake\libs\cache\file.php, line 281]
2013-04-25 05:23:17 Warning: Warning (512): C:\xampp\htdocs\piadvisor-1\app\tmp\cache\models\ is not writable in [C:\xampp\htdocs\piadvisor-1\cake\libs\cache\file.php, line 281]
2013-04-25 05:23:40 Warning: Warning (512): C:\xampp\htdocs\piadvisor-1\app\tmp\cache\persistent\ is not writable in [C:\xampp\htdocs\piadvisor-1\cake\libs\cache\file.php, line 281]
2013-04-25 05:23:40 Warning: Warning (512): C:\xampp\htdocs\piadvisor-1\app\tmp\cache\models\ is not writable in [C:\xampp\htdocs\piadvisor-1\cake\libs\cache\file.php, line 281]
2013-04-25 05:23:53 Warning: Warning (512): C:\xampp\htdocs\piadvisor-1\app\tmp\cache\persistent\ is not writable in [C:\xampp\htdocs\piadvisor-1\cake\libs\cache\file.php, line 281]
2013-04-25 05:23:53 Warning: Warning (512): C:\xampp\htdocs\piadvisor-1\app\tmp\cache\models\ is not writable in [C:\xampp\htdocs\piadvisor-1\cake\libs\cache\file.php, line 281]
2013-04-25 05:24:06 Warning: Warning (512): C:\xampp\htdocs\piadvisor-1\app\tmp\cache\persistent\ is not writable in [C:\xampp\htdocs\piadvisor-1\cake\libs\cache\file.php, line 281]
2013-04-25 05:24:06 Warning: Warning (512): C:\xampp\htdocs\piadvisor-1\app\tmp\cache\models\ is not writable in [C:\xampp\htdocs\piadvisor-1\cake\libs\cache\file.php, line 281]
2013-04-25 05:26:13 Warning: Warning (512): C:\xampp\htdocs\piadvisor-1\app\tmp\cache\persistent\ is not writable in [C:\xampp\htdocs\piadvisor-1\cake\libs\cache\file.php, line 281]
2013-04-25 05:26:13 Warning: Warning (512): C:\xampp\htdocs\piadvisor-1\app\tmp\cache\models\ is not writable in [C:\xampp\htdocs\piadvisor-1\cake\libs\cache\file.php, line 281]
2013-04-25 05:26:21 Warning: Warning (512): C:\xampp\htdocs\piadvisor-1\app\tmp\cache\persistent\ is not writable in [C:\xampp\htdocs\piadvisor-1\cake\libs\cache\file.php, line 281]
2013-04-25 05:26:21 Warning: Warning (512): C:\xampp\htdocs\piadvisor-1\app\tmp\cache\models\ is not writable in [C:\xampp\htdocs\piadvisor-1\cake\libs\cache\file.php, line 281]
2013-04-25 05:26:36 Warning: Warning (512): C:\xampp\htdocs\piadvisor-1\app\tmp\cache\persistent\ is not writable in [C:\xampp\htdocs\piadvisor-1\cake\libs\cache\file.php, line 281]
2013-04-25 05:26:36 Warning: Warning (512): C:\xampp\htdocs\piadvisor-1\app\tmp\cache\models\ is not writable in [C:\xampp\htdocs\piadvisor-1\cake\libs\cache\file.php, line 281]
2013-04-25 05:26:42 Warning: Warning (512): C:\xampp\htdocs\piadvisor-1\app\tmp\cache\persistent\ is not writable in [C:\xampp\htdocs\piadvisor-1\cake\libs\cache\file.php, line 281]
2013-04-25 05:26:42 Warning: Warning (512): C:\xampp\htdocs\piadvisor-1\app\tmp\cache\models\ is not writable in [C:\xampp\htdocs\piadvisor-1\cake\libs\cache\file.php, line 281]
2013-04-25 05:27:01 Warning: Warning (512): C:\xampp\htdocs\piadvisor-1\app\tmp\cache\persistent\ is not writable in [C:\xampp\htdocs\piadvisor-1\cake\libs\cache\file.php, line 281]
2013-04-25 05:27:01 Warning: Warning (512): C:\xampp\htdocs\piadvisor-1\app\tmp\cache\models\ is not writable in [C:\xampp\htdocs\piadvisor-1\cake\libs\cache\file.php, line 281]
2013-04-25 05:27:24 Warning: Warning (512): C:\xampp\htdocs\piadvisor-1\app\tmp\cache\persistent\ is not writable in [C:\xampp\htdocs\piadvisor-1\cake\libs\cache\file.php, line 281]
2013-04-25 05:27:24 Warning: Warning (512): C:\xampp\htdocs\piadvisor-1\app\tmp\cache\models\ is not writable in [C:\xampp\htdocs\piadvisor-1\cake\libs\cache\file.php, line 281]
2013-04-25 05:27:30 Warning: Warning (512): C:\xampp\htdocs\piadvisor-1\app\tmp\cache\persistent\ is not writable in [C:\xampp\htdocs\piadvisor-1\cake\libs\cache\file.php, line 281]
2013-04-25 05:27:30 Warning: Warning (512): C:\xampp\htdocs\piadvisor-1\app\tmp\cache\models\ is not writable in [C:\xampp\htdocs\piadvisor-1\cake\libs\cache\file.php, line 281]
2013-04-25 05:27:39 Warning: Warning (512): C:\xampp\htdocs\piadvisor-1\app\tmp\cache\persistent\ is not writable in [C:\xampp\htdocs\piadvisor-1\cake\libs\cache\file.php, line 281]
2013-04-25 05:27:39 Warning: Warning (512): C:\xampp\htdocs\piadvisor-1\app\tmp\cache\models\ is not writable in [C:\xampp\htdocs\piadvisor-1\cake\libs\cache\file.php, line 281]
2013-04-25 05:28:50 Warning: Warning (512): C:\xampp\htdocs\piadvisor-1\app\tmp\cache\persistent\ is not writable in [C:\xampp\htdocs\piadvisor-1\cake\libs\cache\file.php, line 281]
2013-04-25 05:28:50 Warning: Warning (512): C:\xampp\htdocs\piadvisor-1\app\tmp\cache\models\ is not writable in [C:\xampp\htdocs\piadvisor-1\cake\libs\cache\file.php, line 281]
2013-04-25 05:30:42 Warning: Warning (512): C:\xampp\htdocs\piadvisor-1\app\tmp\cache\persistent\ is not writable in [C:\xampp\htdocs\piadvisor-1\cake\libs\cache\file.php, line 281]
2013-04-25 05:30:42 Warning: Warning (512): C:\xampp\htdocs\piadvisor-1\app\tmp\cache\models\ is not writable in [C:\xampp\htdocs\piadvisor-1\cake\libs\cache\file.php, line 281]
2013-04-25 05:31:42 Warning: Warning (512): C:\xampp\htdocs\piadvisor-1\app\tmp\cache\persistent\ is not writable in [C:\xampp\htdocs\piadvisor-1\cake\libs\cache\file.php, line 281]
2013-04-25 05:31:42 Warning: Warning (512): C:\xampp\htdocs\piadvisor-1\app\tmp\cache\models\ is not writable in [C:\xampp\htdocs\piadvisor-1\cake\libs\cache\file.php, line 281]
2013-04-25 05:33:13 Warning: Warning (512): C:\xampp\htdocs\piadvisor-1\app\tmp\cache\persistent\ is not writable in [C:\xampp\htdocs\piadvisor-1\cake\libs\cache\file.php, line 281]
2013-04-25 05:33:13 Warning: Warning (512): C:\xampp\htdocs\piadvisor-1\app\tmp\cache\models\ is not writable in [C:\xampp\htdocs\piadvisor-1\cake\libs\cache\file.php, line 281]
2013-04-25 05:33:32 Warning: Warning (512): C:\xampp\htdocs\piadvisor-1\app\tmp\cache\persistent\ is not writable in [C:\xampp\htdocs\piadvisor-1\cake\libs\cache\file.php, line 281]
2013-04-25 05:33:32 Warning: Warning (512): C:\xampp\htdocs\piadvisor-1\app\tmp\cache\models\ is not writable in [C:\xampp\htdocs\piadvisor-1\cake\libs\cache\file.php, line 281]
2013-04-25 05:37:32 Warning: Warning (512): C:\xampp\htdocs\piadvisor-1\app\tmp\cache\persistent\ is not writable in [C:\xampp\htdocs\piadvisor-1\cake\libs\cache\file.php, line 281]
2013-04-25 05:37:32 Warning: Warning (512): C:\xampp\htdocs\piadvisor-1\app\tmp\cache\models\ is not writable in [C:\xampp\htdocs\piadvisor-1\cake\libs\cache\file.php, line 281]
2013-04-25 05:38:02 Warning: Warning (512): C:\xampp\htdocs\piadvisor-1\app\tmp\cache\persistent\ is not writable in [C:\xampp\htdocs\piadvisor-1\cake\libs\cache\file.php, line 281]
2013-04-25 05:38:02 Warning: Warning (512): C:\xampp\htdocs\piadvisor-1\app\tmp\cache\models\ is not writable in [C:\xampp\htdocs\piadvisor-1\cake\libs\cache\file.php, line 281]
2013-04-25 05:39:17 Warning: Warning (512): C:\xampp\htdocs\piadvisor-1\app\tmp\cache\persistent\ is not writable in [C:\xampp\htdocs\piadvisor-1\cake\libs\cache\file.php, line 281]
2013-04-25 05:39:17 Warning: Warning (512): C:\xampp\htdocs\piadvisor-1\app\tmp\cache\models\ is not writable in [C:\xampp\htdocs\piadvisor-1\cake\libs\cache\file.php, line 281]
2013-04-25 05:39:29 Warning: Warning (512): C:\xampp\htdocs\piadvisor-1\app\tmp\cache\persistent\ is not writable in [C:\xampp\htdocs\piadvisor-1\cake\libs\cache\file.php, line 281]
2013-04-25 05:39:30 Warning: Warning (512): C:\xampp\htdocs\piadvisor-1\app\tmp\cache\models\ is not writable in [C:\xampp\htdocs\piadvisor-1\cake\libs\cache\file.php, line 281]
2013-04-25 05:40:58 Warning: Warning (512): C:\xampp\htdocs\piadvisor-1\app\tmp\cache\persistent\ is not writable in [C:\xampp\htdocs\piadvisor-1\cake\libs\cache\file.php, line 281]
2013-04-25 05:40:58 Warning: Warning (512): C:\xampp\htdocs\piadvisor-1\app\tmp\cache\models\ is not writable in [C:\xampp\htdocs\piadvisor-1\cake\libs\cache\file.php, line 281]
2013-04-25 05:41:21 Warning: Warning (512): C:\xampp\htdocs\piadvisor-1\app\tmp\cache\persistent\ is not writable in [C:\xampp\htdocs\piadvisor-1\cake\libs\cache\file.php, line 281]
2013-04-25 05:41:21 Warning: Warning (512): C:\xampp\htdocs\piadvisor-1\app\tmp\cache\models\ is not writable in [C:\xampp\htdocs\piadvisor-1\cake\libs\cache\file.php, line 281]
2013-04-25 05:42:40 Warning: Warning (512): C:\xampp\htdocs\piadvisor-1\app\tmp\cache\persistent\ is not writable in [C:\xampp\htdocs\piadvisor-1\cake\libs\cache\file.php, line 281]
2013-04-25 05:42:40 Warning: Warning (512): C:\xampp\htdocs\piadvisor-1\app\tmp\cache\models\ is not writable in [C:\xampp\htdocs\piadvisor-1\cake\libs\cache\file.php, line 281]
2013-04-25 05:44:01 Warning: Warning (512): C:\xampp\htdocs\piadvisor-1\app\tmp\cache\persistent\ is not writable in [C:\xampp\htdocs\piadvisor-1\cake\libs\cache\file.php, line 281]
2013-04-25 05:44:01 Warning: Warning (512): C:\xampp\htdocs\piadvisor-1\app\tmp\cache\models\ is not writable in [C:\xampp\htdocs\piadvisor-1\cake\libs\cache\file.php, line 281]
2013-04-25 05:44:33 Warning: Warning (512): C:\xampp\htdocs\piadvisor-1\app\tmp\cache\persistent\ is not writable in [C:\xampp\htdocs\piadvisor-1\cake\libs\cache\file.php, line 281]
2013-04-25 05:44:33 Warning: Warning (512): C:\xampp\htdocs\piadvisor-1\app\tmp\cache\models\ is not writable in [C:\xampp\htdocs\piadvisor-1\cake\libs\cache\file.php, line 281]
2013-04-25 05:45:16 Warning: Warning (512): C:\xampp\htdocs\piadvisor-1\app\tmp\cache\persistent\ is not writable in [C:\xampp\htdocs\piadvisor-1\cake\libs\cache\file.php, line 281]
2013-04-25 05:45:16 Warning: Warning (512): C:\xampp\htdocs\piadvisor-1\app\tmp\cache\models\ is not writable in [C:\xampp\htdocs\piadvisor-1\cake\libs\cache\file.php, line 281]
2013-04-25 05:47:23 Warning: Warning (512): C:\xampp\htdocs\piadvisor-1\app\tmp\cache\persistent\ is not writable in [C:\xampp\htdocs\piadvisor-1\cake\libs\cache\file.php, line 281]
2013-04-25 05:47:23 Warning: Warning (512): C:\xampp\htdocs\piadvisor-1\app\tmp\cache\models\ is not writable in [C:\xampp\htdocs\piadvisor-1\cake\libs\cache\file.php, line 281]
2013-04-25 05:47:47 Warning: Warning (512): C:\xampp\htdocs\piadvisor-1\app\tmp\cache\persistent\ is not writable in [C:\xampp\htdocs\piadvisor-1\cake\libs\cache\file.php, line 281]
2013-04-25 05:47:47 Warning: Warning (512): C:\xampp\htdocs\piadvisor-1\app\tmp\cache\models\ is not writable in [C:\xampp\htdocs\piadvisor-1\cake\libs\cache\file.php, line 281]
2013-04-25 05:47:55 Warning: Warning (512): C:\xampp\htdocs\piadvisor-1\app\tmp\cache\persistent\ is not writable in [C:\xampp\htdocs\piadvisor-1\cake\libs\cache\file.php, line 281]
2013-04-25 05:47:55 Warning: Warning (512): C:\xampp\htdocs\piadvisor-1\app\tmp\cache\models\ is not writable in [C:\xampp\htdocs\piadvisor-1\cake\libs\cache\file.php, line 281]
2013-04-25 05:48:50 Warning: Warning (512): C:\xampp\htdocs\piadvisor-1\app\tmp\cache\persistent\ is not writable in [C:\xampp\htdocs\piadvisor-1\cake\libs\cache\file.php, line 281]
2013-04-25 05:48:50 Warning: Warning (512): C:\xampp\htdocs\piadvisor-1\app\tmp\cache\models\ is not writable in [C:\xampp\htdocs\piadvisor-1\cake\libs\cache\file.php, line 281]
2013-04-25 05:48:59 Warning: Warning (512): C:\xampp\htdocs\piadvisor-1\app\tmp\cache\persistent\ is not writable in [C:\xampp\htdocs\piadvisor-1\cake\libs\cache\file.php, line 281]
2013-04-25 05:48:59 Warning: Warning (512): C:\xampp\htdocs\piadvisor-1\app\tmp\cache\models\ is not writable in [C:\xampp\htdocs\piadvisor-1\cake\libs\cache\file.php, line 281]
2013-04-25 05:50:21 Warning: Warning (512): C:\xampp\htdocs\piadvisor-1\app\tmp\cache\persistent\ is not writable in [C:\xampp\htdocs\piadvisor-1\cake\libs\cache\file.php, line 281]
2013-04-25 05:50:21 Warning: Warning (512): C:\xampp\htdocs\piadvisor-1\app\tmp\cache\models\ is not writable in [C:\xampp\htdocs\piadvisor-1\cake\libs\cache\file.php, line 281]
2013-04-25 05:50:57 Warning: Warning (512): C:\xampp\htdocs\piadvisor-1\app\tmp\cache\persistent\ is not writable in [C:\xampp\htdocs\piadvisor-1\cake\libs\cache\file.php, line 281]
2013-04-25 05:50:57 Warning: Warning (512): C:\xampp\htdocs\piadvisor-1\app\tmp\cache\models\ is not writable in [C:\xampp\htdocs\piadvisor-1\cake\libs\cache\file.php, line 281]
2013-04-25 05:51:04 Warning: Warning (512): C:\xampp\htdocs\piadvisor-1\app\tmp\cache\persistent\ is not writable in [C:\xampp\htdocs\piadvisor-1\cake\libs\cache\file.php, line 281]
2013-04-25 05:51:04 Warning: Warning (512): C:\xampp\htdocs\piadvisor-1\app\tmp\cache\models\ is not writable in [C:\xampp\htdocs\piadvisor-1\cake\libs\cache\file.php, line 281]
2013-04-25 05:54:22 Warning: Warning (512): C:\xampp\htdocs\piadvisor-1\app\tmp\cache\persistent\ is not writable in [C:\xampp\htdocs\piadvisor-1\cake\libs\cache\file.php, line 281]
2013-04-25 05:54:22 Warning: Warning (512): C:\xampp\htdocs\piadvisor-1\app\tmp\cache\models\ is not writable in [C:\xampp\htdocs\piadvisor-1\cake\libs\cache\file.php, line 281]
2013-04-25 05:55:04 Warning: Warning (512): C:\xampp\htdocs\piadvisor-1\app\tmp\cache\persistent\ is not writable in [C:\xampp\htdocs\piadvisor-1\cake\libs\cache\file.php, line 281]
2013-04-25 05:55:04 Warning: Warning (512): C:\xampp\htdocs\piadvisor-1\app\tmp\cache\models\ is not writable in [C:\xampp\htdocs\piadvisor-1\cake\libs\cache\file.php, line 281]
2013-04-25 05:55:38 Warning: Warning (512): C:\xampp\htdocs\piadvisor-1\app\tmp\cache\persistent\ is not writable in [C:\xampp\htdocs\piadvisor-1\cake\libs\cache\file.php, line 281]
2013-04-25 05:55:38 Warning: Warning (512): C:\xampp\htdocs\piadvisor-1\app\tmp\cache\models\ is not writable in [C:\xampp\htdocs\piadvisor-1\cake\libs\cache\file.php, line 281]
2013-04-25 05:56:02 Warning: Warning (512): C:\xampp\htdocs\piadvisor-1\app\tmp\cache\persistent\ is not writable in [C:\xampp\htdocs\piadvisor-1\cake\libs\cache\file.php, line 281]
2013-04-25 05:56:02 Warning: Warning (512): C:\xampp\htdocs\piadvisor-1\app\tmp\cache\models\ is not writable in [C:\xampp\htdocs\piadvisor-1\cake\libs\cache\file.php, line 281]
2013-04-25 05:56:11 Warning: Warning (512): C:\xampp\htdocs\piadvisor-1\app\tmp\cache\persistent\ is not writable in [C:\xampp\htdocs\piadvisor-1\cake\libs\cache\file.php, line 281]
2013-04-25 05:56:11 Warning: Warning (512): C:\xampp\htdocs\piadvisor-1\app\tmp\cache\models\ is not writable in [C:\xampp\htdocs\piadvisor-1\cake\libs\cache\file.php, line 281]
2013-04-25 05:56:25 Warning: Warning (512): C:\xampp\htdocs\piadvisor-1\app\tmp\cache\persistent\ is not writable in [C:\xampp\htdocs\piadvisor-1\cake\libs\cache\file.php, line 281]
2013-04-25 05:56:25 Warning: Warning (512): C:\xampp\htdocs\piadvisor-1\app\tmp\cache\models\ is not writable in [C:\xampp\htdocs\piadvisor-1\cake\libs\cache\file.php, line 281]
2013-04-25 05:57:12 Warning: Warning (512): C:\xampp\htdocs\piadvisor-1\app\tmp\cache\persistent\ is not writable in [C:\xampp\htdocs\piadvisor-1\cake\libs\cache\file.php, line 281]
2013-04-25 05:57:12 Warning: Warning (512): C:\xampp\htdocs\piadvisor-1\app\tmp\cache\models\ is not writable in [C:\xampp\htdocs\piadvisor-1\cake\libs\cache\file.php, line 281]
2013-04-25 05:58:54 Warning: Warning (512): C:\xampp\htdocs\piadvisor-1\app\tmp\cache\persistent\ is not writable in [C:\xampp\htdocs\piadvisor-1\cake\libs\cache\file.php, line 281]
2013-04-25 05:58:54 Warning: Warning (512): C:\xampp\htdocs\piadvisor-1\app\tmp\cache\models\ is not writable in [C:\xampp\htdocs\piadvisor-1\cake\libs\cache\file.php, line 281]
2013-04-25 05:59:24 Warning: Warning (512): C:\xampp\htdocs\piadvisor-1\app\tmp\cache\persistent\ is not writable in [C:\xampp\htdocs\piadvisor-1\cake\libs\cache\file.php, line 281]
2013-04-25 05:59:24 Warning: Warning (512): C:\xampp\htdocs\piadvisor-1\app\tmp\cache\models\ is not writable in [C:\xampp\htdocs\piadvisor-1\cake\libs\cache\file.php, line 281]
2013-04-25 05:59:38 Warning: Warning (512): C:\xampp\htdocs\piadvisor-1\app\tmp\cache\persistent\ is not writable in [C:\xampp\htdocs\piadvisor-1\cake\libs\cache\file.php, line 281]
2013-04-25 05:59:38 Warning: Warning (512): C:\xampp\htdocs\piadvisor-1\app\tmp\cache\models\ is not writable in [C:\xampp\htdocs\piadvisor-1\cake\libs\cache\file.php, line 281]
2013-04-25 06:00:27 Warning: Warning (512): C:\xampp\htdocs\piadvisor-1\app\tmp\cache\persistent\ is not writable in [C:\xampp\htdocs\piadvisor-1\cake\libs\cache\file.php, line 281]
2013-04-25 06:00:27 Warning: Warning (512): C:\xampp\htdocs\piadvisor-1\app\tmp\cache\models\ is not writable in [C:\xampp\htdocs\piadvisor-1\cake\libs\cache\file.php, line 281]
2013-04-25 06:00:57 Warning: Warning (512): C:\xampp\htdocs\piadvisor-1\app\tmp\cache\persistent\ is not writable in [C:\xampp\htdocs\piadvisor-1\cake\libs\cache\file.php, line 281]
2013-04-25 06:00:58 Warning: Warning (512): C:\xampp\htdocs\piadvisor-1\app\tmp\cache\models\ is not writable in [C:\xampp\htdocs\piadvisor-1\cake\libs\cache\file.php, line 281]
2013-04-25 06:01:48 Warning: Warning (512): C:\xampp\htdocs\piadvisor-1\app\tmp\cache\persistent\ is not writable in [C:\xampp\htdocs\piadvisor-1\cake\libs\cache\file.php, line 281]
2013-04-25 06:01:48 Warning: Warning (512): C:\xampp\htdocs\piadvisor-1\app\tmp\cache\models\ is not writable in [C:\xampp\htdocs\piadvisor-1\cake\libs\cache\file.php, line 281]
2013-04-25 06:02:55 Warning: Warning (512): C:\xampp\htdocs\piadvisor-1\app\tmp\cache\persistent\ is not writable in [C:\xampp\htdocs\piadvisor-1\cake\libs\cache\file.php, line 281]
2013-04-25 06:02:55 Warning: Warning (512): C:\xampp\htdocs\piadvisor-1\app\tmp\cache\models\ is not writable in [C:\xampp\htdocs\piadvisor-1\cake\libs\cache\file.php, line 281]
2013-04-25 06:03:04 Warning: Warning (512): C:\xampp\htdocs\piadvisor-1\app\tmp\cache\persistent\ is not writable in [C:\xampp\htdocs\piadvisor-1\cake\libs\cache\file.php, line 281]
2013-04-25 06:03:04 Warning: Warning (512): C:\xampp\htdocs\piadvisor-1\app\tmp\cache\models\ is not writable in [C:\xampp\htdocs\piadvisor-1\cake\libs\cache\file.php, line 281]
2013-04-25 06:03:59 Warning: Warning (512): C:\xampp\htdocs\piadvisor-1\app\tmp\cache\persistent\ is not writable in [C:\xampp\htdocs\piadvisor-1\cake\libs\cache\file.php, line 281]
2013-04-25 06:03:59 Warning: Warning (512): C:\xampp\htdocs\piadvisor-1\app\tmp\cache\models\ is not writable in [C:\xampp\htdocs\piadvisor-1\cake\libs\cache\file.php, line 281]
2013-04-25 06:04:06 Warning: Warning (512): C:\xampp\htdocs\piadvisor-1\app\tmp\cache\persistent\ is not writable in [C:\xampp\htdocs\piadvisor-1\cake\libs\cache\file.php, line 281]
2013-04-25 06:04:06 Warning: Warning (512): C:\xampp\htdocs\piadvisor-1\app\tmp\cache\models\ is not writable in [C:\xampp\htdocs\piadvisor-1\cake\libs\cache\file.php, line 281]
2013-04-25 06:04:35 Warning: Warning (512): C:\xampp\htdocs\piadvisor-1\app\tmp\cache\persistent\ is not writable in [C:\xampp\htdocs\piadvisor-1\cake\libs\cache\file.php, line 281]
2013-04-25 06:04:35 Warning: Warning (512): C:\xampp\htdocs\piadvisor-1\app\tmp\cache\models\ is not writable in [C:\xampp\htdocs\piadvisor-1\cake\libs\cache\file.php, line 281]
2013-04-25 06:04:43 Warning: Warning (512): C:\xampp\htdocs\piadvisor-1\app\tmp\cache\persistent\ is not writable in [C:\xampp\htdocs\piadvisor-1\cake\libs\cache\file.php, line 281]
2013-04-25 06:04:43 Warning: Warning (512): C:\xampp\htdocs\piadvisor-1\app\tmp\cache\models\ is not writable in [C:\xampp\htdocs\piadvisor-1\cake\libs\cache\file.php, line 281]
2013-04-25 06:05:24 Warning: Warning (512): C:\xampp\htdocs\piadvisor-1\app\tmp\cache\persistent\ is not writable in [C:\xampp\htdocs\piadvisor-1\cake\libs\cache\file.php, line 281]
2013-04-25 06:05:24 Warning: Warning (512): C:\xampp\htdocs\piadvisor-1\app\tmp\cache\models\ is not writable in [C:\xampp\htdocs\piadvisor-1\cake\libs\cache\file.php, line 281]
2013-04-25 06:07:22 Warning: Warning (512): C:\xampp\htdocs\piadvisor-1\app\tmp\cache\persistent\ is not writable in [C:\xampp\htdocs\piadvisor-1\cake\libs\cache\file.php, line 281]
2013-04-25 06:07:22 Warning: Warning (512): C:\xampp\htdocs\piadvisor-1\app\tmp\cache\models\ is not writable in [C:\xampp\htdocs\piadvisor-1\cake\libs\cache\file.php, line 281]
2013-04-25 06:07:33 Warning: Warning (512): C:\xampp\htdocs\piadvisor-1\app\tmp\cache\persistent\ is not writable in [C:\xampp\htdocs\piadvisor-1\cake\libs\cache\file.php, line 281]
2013-04-25 06:07:33 Warning: Warning (512): C:\xampp\htdocs\piadvisor-1\app\tmp\cache\models\ is not writable in [C:\xampp\htdocs\piadvisor-1\cake\libs\cache\file.php, line 281]
2013-04-25 06:07:55 Warning: Warning (512): C:\xampp\htdocs\piadvisor-1\app\tmp\cache\persistent\ is not writable in [C:\xampp\htdocs\piadvisor-1\cake\libs\cache\file.php, line 281]
2013-04-25 06:07:55 Warning: Warning (512): C:\xampp\htdocs\piadvisor-1\app\tmp\cache\models\ is not writable in [C:\xampp\htdocs\piadvisor-1\cake\libs\cache\file.php, line 281]
2013-04-25 06:08:16 Warning: Warning (512): C:\xampp\htdocs\piadvisor-1\app\tmp\cache\persistent\ is not writable in [C:\xampp\htdocs\piadvisor-1\cake\libs\cache\file.php, line 281]
2013-04-25 06:08:16 Warning: Warning (512): C:\xampp\htdocs\piadvisor-1\app\tmp\cache\models\ is not writable in [C:\xampp\htdocs\piadvisor-1\cake\libs\cache\file.php, line 281]
2013-04-25 06:08:21 Warning: Warning (512): C:\xampp\htdocs\piadvisor-1\app\tmp\cache\persistent\ is not writable in [C:\xampp\htdocs\piadvisor-1\cake\libs\cache\file.php, line 281]
2013-04-25 06:08:21 Warning: Warning (512): C:\xampp\htdocs\piadvisor-1\app\tmp\cache\models\ is not writable in [C:\xampp\htdocs\piadvisor-1\cake\libs\cache\file.php, line 281]
2013-04-25 06:09:10 Warning: Warning (512): C:\xampp\htdocs\piadvisor-1\app\tmp\cache\persistent\ is not writable in [C:\xampp\htdocs\piadvisor-1\cake\libs\cache\file.php, line 281]
2013-04-25 06:09:10 Warning: Warning (512): C:\xampp\htdocs\piadvisor-1\app\tmp\cache\models\ is not writable in [C:\xampp\htdocs\piadvisor-1\cake\libs\cache\file.php, line 281]
2013-04-25 06:09:27 Warning: Warning (512): C:\xampp\htdocs\piadvisor-1\app\tmp\cache\persistent\ is not writable in [C:\xampp\htdocs\piadvisor-1\cake\libs\cache\file.php, line 281]
2013-04-25 06:09:27 Warning: Warning (512): C:\xampp\htdocs\piadvisor-1\app\tmp\cache\models\ is not writable in [C:\xampp\htdocs\piadvisor-1\cake\libs\cache\file.php, line 281]
2013-04-25 06:10:12 Warning: Warning (512): C:\xampp\htdocs\piadvisor-1\app\tmp\cache\persistent\ is not writable in [C:\xampp\htdocs\piadvisor-1\cake\libs\cache\file.php, line 281]
2013-04-25 06:10:12 Warning: Warning (512): C:\xampp\htdocs\piadvisor-1\app\tmp\cache\models\ is not writable in [C:\xampp\htdocs\piadvisor-1\cake\libs\cache\file.php, line 281]
2013-04-25 06:10:38 Warning: Warning (512): C:\xampp\htdocs\piadvisor-1\app\tmp\cache\persistent\ is not writable in [C:\xampp\htdocs\piadvisor-1\cake\libs\cache\file.php, line 281]
2013-04-25 06:10:38 Warning: Warning (512): C:\xampp\htdocs\piadvisor-1\app\tmp\cache\models\ is not writable in [C:\xampp\htdocs\piadvisor-1\cake\libs\cache\file.php, line 281]
2013-04-25 06:10:49 Warning: Warning (512): C:\xampp\htdocs\piadvisor-1\app\tmp\cache\persistent\ is not writable in [C:\xampp\htdocs\piadvisor-1\cake\libs\cache\file.php, line 281]
2013-04-25 06:10:49 Warning: Warning (512): C:\xampp\htdocs\piadvisor-1\app\tmp\cache\models\ is not writable in [C:\xampp\htdocs\piadvisor-1\cake\libs\cache\file.php, line 281]
2013-04-25 06:11:25 Warning: Warning (512): C:\xampp\htdocs\piadvisor-1\app\tmp\cache\persistent\ is not writable in [C:\xampp\htdocs\piadvisor-1\cake\libs\cache\file.php, line 281]
2013-04-25 06:11:25 Warning: Warning (512): C:\xampp\htdocs\piadvisor-1\app\tmp\cache\models\ is not writable in [C:\xampp\htdocs\piadvisor-1\cake\libs\cache\file.php, line 281]
2013-04-25 06:11:32 Warning: Warning (512): C:\xampp\htdocs\piadvisor-1\app\tmp\cache\persistent\ is not writable in [C:\xampp\htdocs\piadvisor-1\cake\libs\cache\file.php, line 281]
2013-04-25 06:11:32 Warning: Warning (512): C:\xampp\htdocs\piadvisor-1\app\tmp\cache\models\ is not writable in [C:\xampp\htdocs\piadvisor-1\cake\libs\cache\file.php, line 281]
2013-04-25 06:11:34 Warning: Warning (512): C:\xampp\htdocs\piadvisor-1\app\tmp\cache\persistent\ is not writable in [C:\xampp\htdocs\piadvisor-1\cake\libs\cache\file.php, line 281]
2013-04-25 06:11:34 Warning: Warning (512): C:\xampp\htdocs\piadvisor-1\app\tmp\cache\models\ is not writable in [C:\xampp\htdocs\piadvisor-1\cake\libs\cache\file.php, line 281]
2013-04-25 06:11:44 Warning: Warning (512): C:\xampp\htdocs\piadvisor-1\app\tmp\cache\persistent\ is not writable in [C:\xampp\htdocs\piadvisor-1\cake\libs\cache\file.php, line 281]
2013-04-25 06:11:44 Warning: Warning (512): C:\xampp\htdocs\piadvisor-1\app\tmp\cache\models\ is not writable in [C:\xampp\htdocs\piadvisor-1\cake\libs\cache\file.php, line 281]
2013-04-25 06:11:47 Warning: Warning (512): C:\xampp\htdocs\piadvisor-1\app\tmp\cache\persistent\ is not writable in [C:\xampp\htdocs\piadvisor-1\cake\libs\cache\file.php, line 281]
2013-04-25 06:11:47 Warning: Warning (512): C:\xampp\htdocs\piadvisor-1\app\tmp\cache\models\ is not writable in [C:\xampp\htdocs\piadvisor-1\cake\libs\cache\file.php, line 281]
2013-04-25 06:11:54 Warning: Warning (512): C:\xampp\htdocs\piadvisor-1\app\tmp\cache\persistent\ is not writable in [C:\xampp\htdocs\piadvisor-1\cake\libs\cache\file.php, line 281]
2013-04-25 06:11:54 Warning: Warning (512): C:\xampp\htdocs\piadvisor-1\app\tmp\cache\models\ is not writable in [C:\xampp\htdocs\piadvisor-1\cake\libs\cache\file.php, line 281]
2013-04-25 06:11:56 Warning: Warning (512): C:\xampp\htdocs\piadvisor-1\app\tmp\cache\persistent\ is not writable in [C:\xampp\htdocs\piadvisor-1\cake\libs\cache\file.php, line 281]
2013-04-25 06:11:56 Warning: Warning (512): C:\xampp\htdocs\piadvisor-1\app\tmp\cache\models\ is not writable in [C:\xampp\htdocs\piadvisor-1\cake\libs\cache\file.php, line 281]
2013-04-25 06:11:58 Warning: Warning (512): C:\xampp\htdocs\piadvisor-1\app\tmp\cache\persistent\ is not writable in [C:\xampp\htdocs\piadvisor-1\cake\libs\cache\file.php, line 281]
2013-04-25 06:11:58 Warning: Warning (512): C:\xampp\htdocs\piadvisor-1\app\tmp\cache\models\ is not writable in [C:\xampp\htdocs\piadvisor-1\cake\libs\cache\file.php, line 281]
2013-04-25 06:12:00 Warning: Warning (512): C:\xampp\htdocs\piadvisor-1\app\tmp\cache\persistent\ is not writable in [C:\xampp\htdocs\piadvisor-1\cake\libs\cache\file.php, line 281]
2013-04-25 06:12:00 Warning: Warning (512): C:\xampp\htdocs\piadvisor-1\app\tmp\cache\models\ is not writable in [C:\xampp\htdocs\piadvisor-1\cake\libs\cache\file.php, line 281]
2013-04-25 06:12:20 Warning: Warning (512): C:\xampp\htdocs\piadvisor-1\app\tmp\cache\persistent\ is not writable in [C:\xampp\htdocs\piadvisor-1\cake\libs\cache\file.php, line 281]
2013-04-25 06:12:20 Warning: Warning (512): C:\xampp\htdocs\piadvisor-1\app\tmp\cache\models\ is not writable in [C:\xampp\htdocs\piadvisor-1\cake\libs\cache\file.php, line 281]
2013-04-25 06:12:28 Warning: Warning (512): C:\xampp\htdocs\piadvisor-1\app\tmp\cache\persistent\ is not writable in [C:\xampp\htdocs\piadvisor-1\cake\libs\cache\file.php, line 281]
2013-04-25 06:12:28 Warning: Warning (512): C:\xampp\htdocs\piadvisor-1\app\tmp\cache\models\ is not writable in [C:\xampp\htdocs\piadvisor-1\cake\libs\cache\file.php, line 281]
2013-04-25 06:12:40 Warning: Warning (512): C:\xampp\htdocs\piadvisor-1\app\tmp\cache\persistent\ is not writable in [C:\xampp\htdocs\piadvisor-1\cake\libs\cache\file.php, line 281]
2013-04-25 06:12:40 Warning: Warning (512): C:\xampp\htdocs\piadvisor-1\app\tmp\cache\models\ is not writable in [C:\xampp\htdocs\piadvisor-1\cake\libs\cache\file.php, line 281]
2013-04-25 06:12:42 Warning: Warning (512): C:\xampp\htdocs\piadvisor-1\app\tmp\cache\persistent\ is not writable in [C:\xampp\htdocs\piadvisor-1\cake\libs\cache\file.php, line 281]
2013-04-25 06:12:42 Warning: Warning (512): C:\xampp\htdocs\piadvisor-1\app\tmp\cache\models\ is not writable in [C:\xampp\htdocs\piadvisor-1\cake\libs\cache\file.php, line 281]
2013-04-25 06:12:52 Warning: Warning (512): C:\xampp\htdocs\piadvisor-1\app\tmp\cache\persistent\ is not writable in [C:\xampp\htdocs\piadvisor-1\cake\libs\cache\file.php, line 281]
2013-04-25 06:12:52 Warning: Warning (512): C:\xampp\htdocs\piadvisor-1\app\tmp\cache\models\ is not writable in [C:\xampp\htdocs\piadvisor-1\cake\libs\cache\file.php, line 281]
2013-04-25 06:13:02 Warning: Warning (512): C:\xampp\htdocs\piadvisor-1\app\tmp\cache\persistent\ is not writable in [C:\xampp\htdocs\piadvisor-1\cake\libs\cache\file.php, line 281]
2013-04-25 06:13:02 Warning: Warning (512): C:\xampp\htdocs\piadvisor-1\app\tmp\cache\models\ is not writable in [C:\xampp\htdocs\piadvisor-1\cake\libs\cache\file.php, line 281]
2013-04-25 06:13:09 Warning: Warning (512): C:\xampp\htdocs\piadvisor-1\app\tmp\cache\persistent\ is not writable in [C:\xampp\htdocs\piadvisor-1\cake\libs\cache\file.php, line 281]
2013-04-25 06:13:09 Warning: Warning (512): C:\xampp\htdocs\piadvisor-1\app\tmp\cache\models\ is not writable in [C:\xampp\htdocs\piadvisor-1\cake\libs\cache\file.php, line 281]
2013-04-25 06:13:12 Warning: Warning (512): C:\xampp\htdocs\piadvisor-1\app\tmp\cache\persistent\ is not writable in [C:\xampp\htdocs\piadvisor-1\cake\libs\cache\file.php, line 281]
2013-04-25 06:13:12 Warning: Warning (512): C:\xampp\htdocs\piadvisor-1\app\tmp\cache\models\ is not writable in [C:\xampp\htdocs\piadvisor-1\cake\libs\cache\file.php, line 281]
2013-04-25 06:16:22 Warning: Warning (512): C:\xampp\htdocs\piadvisor-1\app\tmp\cache\persistent\ is not writable in [C:\xampp\htdocs\piadvisor-1\cake\libs\cache\file.php, line 281]
2013-04-25 06:16:22 Warning: Warning (512): C:\xampp\htdocs\piadvisor-1\app\tmp\cache\models\ is not writable in [C:\xampp\htdocs\piadvisor-1\cake\libs\cache\file.php, line 281]
2013-04-25 06:16:24 Warning: Warning (512): C:\xampp\htdocs\piadvisor-1\app\tmp\cache\persistent\ is not writable in [C:\xampp\htdocs\piadvisor-1\cake\libs\cache\file.php, line 281]
2013-04-25 06:16:24 Warning: Warning (512): C:\xampp\htdocs\piadvisor-1\app\tmp\cache\models\ is not writable in [C:\xampp\htdocs\piadvisor-1\cake\libs\cache\file.php, line 281]
2013-04-25 06:16:37 Warning: Warning (512): C:\xampp\htdocs\piadvisor-1\app\tmp\cache\persistent\ is not writable in [C:\xampp\htdocs\piadvisor-1\cake\libs\cache\file.php, line 281]
2013-04-25 06:16:37 Warning: Warning (512): C:\xampp\htdocs\piadvisor-1\app\tmp\cache\models\ is not writable in [C:\xampp\htdocs\piadvisor-1\cake\libs\cache\file.php, line 281]
2013-04-25 06:16:39 Warning: Warning (512): C:\xampp\htdocs\piadvisor-1\app\tmp\cache\persistent\ is not writable in [C:\xampp\htdocs\piadvisor-1\cake\libs\cache\file.php, line 281]
2013-04-25 06:16:39 Warning: Warning (512): C:\xampp\htdocs\piadvisor-1\app\tmp\cache\models\ is not writable in [C:\xampp\htdocs\piadvisor-1\cake\libs\cache\file.php, line 281]
2013-04-25 06:16:48 Warning: Warning (512): C:\xampp\htdocs\piadvisor-1\app\tmp\cache\persistent\ is not writable in [C:\xampp\htdocs\piadvisor-1\cake\libs\cache\file.php, line 281]
2013-04-25 06:16:48 Warning: Warning (512): C:\xampp\htdocs\piadvisor-1\app\tmp\cache\models\ is not writable in [C:\xampp\htdocs\piadvisor-1\cake\libs\cache\file.php, line 281]
2013-04-25 06:24:07 Warning: Warning (512): C:\xampp\htdocs\piadvisor-1\app\tmp\cache\persistent\ is not writable in [C:\xampp\htdocs\piadvisor-1\cake\libs\cache\file.php, line 281]
2013-04-25 06:24:07 Warning: Warning (512): C:\xampp\htdocs\piadvisor-1\app\tmp\cache\models\ is not writable in [C:\xampp\htdocs\piadvisor-1\cake\libs\cache\file.php, line 281]
2013-04-25 06:24:48 Warning: Warning (512): C:\xampp\htdocs\piadvisor-1\app\tmp\cache\persistent\ is not writable in [C:\xampp\htdocs\piadvisor-1\cake\libs\cache\file.php, line 281]
2013-04-25 06:24:48 Warning: Warning (512): C:\xampp\htdocs\piadvisor-1\app\tmp\cache\models\ is not writable in [C:\xampp\htdocs\piadvisor-1\cake\libs\cache\file.php, line 281]
2013-04-25 06:25:33 Warning: Warning (512): C:\xampp\htdocs\piadvisor-1\app\tmp\cache\persistent\ is not writable in [C:\xampp\htdocs\piadvisor-1\cake\libs\cache\file.php, line 281]
2013-04-25 06:25:33 Warning: Warning (512): C:\xampp\htdocs\piadvisor-1\app\tmp\cache\models\ is not writable in [C:\xampp\htdocs\piadvisor-1\cake\libs\cache\file.php, line 281]
2013-04-25 06:27:43 Warning: Warning (512): C:\xampp\htdocs\piadvisor-1\app\tmp\cache\persistent\ is not writable in [C:\xampp\htdocs\piadvisor-1\cake\libs\cache\file.php, line 281]
2013-04-25 06:27:44 Warning: Warning (512): C:\xampp\htdocs\piadvisor-1\app\tmp\cache\models\ is not writable in [C:\xampp\htdocs\piadvisor-1\cake\libs\cache\file.php, line 281]
2013-04-25 06:27:58 Warning: Warning (512): C:\xampp\htdocs\piadvisor-1\app\tmp\cache\persistent\ is not writable in [C:\xampp\htdocs\piadvisor-1\cake\libs\cache\file.php, line 281]
2013-04-25 06:27:58 Warning: Warning (512): C:\xampp\htdocs\piadvisor-1\app\tmp\cache\models\ is not writable in [C:\xampp\htdocs\piadvisor-1\cake\libs\cache\file.php, line 281]
2013-04-25 06:29:25 Warning: Warning (512): C:\xampp\htdocs\piadvisor-1\app\tmp\cache\persistent\ is not writable in [C:\xampp\htdocs\piadvisor-1\cake\libs\cache\file.php, line 281]
2013-04-25 06:29:25 Warning: Warning (512): C:\xampp\htdocs\piadvisor-1\app\tmp\cache\models\ is not writable in [C:\xampp\htdocs\piadvisor-1\cake\libs\cache\file.php, line 281]
2013-04-25 06:29:39 Warning: Warning (512): C:\xampp\htdocs\piadvisor-1\app\tmp\cache\persistent\ is not writable in [C:\xampp\htdocs\piadvisor-1\cake\libs\cache\file.php, line 281]
2013-04-25 06:29:39 Warning: Warning (512): C:\xampp\htdocs\piadvisor-1\app\tmp\cache\models\ is not writable in [C:\xampp\htdocs\piadvisor-1\cake\libs\cache\file.php, line 281]
2013-04-25 06:29:45 Warning: Warning (512): C:\xampp\htdocs\piadvisor-1\app\tmp\cache\persistent\ is not writable in [C:\xampp\htdocs\piadvisor-1\cake\libs\cache\file.php, line 281]
2013-04-25 06:29:45 Warning: Warning (512): C:\xampp\htdocs\piadvisor-1\app\tmp\cache\models\ is not writable in [C:\xampp\htdocs\piadvisor-1\cake\libs\cache\file.php, line 281]
2013-04-25 06:30:03 Warning: Warning (512): C:\xampp\htdocs\piadvisor-1\app\tmp\cache\persistent\ is not writable in [C:\xampp\htdocs\piadvisor-1\cake\libs\cache\file.php, line 281]
2013-04-25 06:30:03 Warning: Warning (512): C:\xampp\htdocs\piadvisor-1\app\tmp\cache\models\ is not writable in [C:\xampp\htdocs\piadvisor-1\cake\libs\cache\file.php, line 281]
2013-04-25 06:30:17 Warning: Warning (512): C:\xampp\htdocs\piadvisor-1\app\tmp\cache\persistent\ is not writable in [C:\xampp\htdocs\piadvisor-1\cake\libs\cache\file.php, line 281]
2013-04-25 06:30:17 Warning: Warning (512): C:\xampp\htdocs\piadvisor-1\app\tmp\cache\models\ is not writable in [C:\xampp\htdocs\piadvisor-1\cake\libs\cache\file.php, line 281]
2013-04-25 06:30:54 Warning: Warning (512): C:\xampp\htdocs\piadvisor-1\app\tmp\cache\persistent\ is not writable in [C:\xampp\htdocs\piadvisor-1\cake\libs\cache\file.php, line 281]
2013-04-25 06:30:54 Warning: Warning (512): C:\xampp\htdocs\piadvisor-1\app\tmp\cache\models\ is not writable in [C:\xampp\htdocs\piadvisor-1\cake\libs\cache\file.php, line 281]
2013-04-25 06:31:17 Warning: Warning (512): C:\xampp\htdocs\piadvisor-1\app\tmp\cache\persistent\ is not writable in [C:\xampp\htdocs\piadvisor-1\cake\libs\cache\file.php, line 281]
2013-04-25 06:31:17 Warning: Warning (512): C:\xampp\htdocs\piadvisor-1\app\tmp\cache\models\ is not writable in [C:\xampp\htdocs\piadvisor-1\cake\libs\cache\file.php, line 281]
2013-04-25 06:32:05 Warning: Warning (512): C:\xampp\htdocs\piadvisor-1\app\tmp\cache\persistent\ is not writable in [C:\xampp\htdocs\piadvisor-1\cake\libs\cache\file.php, line 281]
2013-04-25 06:32:05 Warning: Warning (512): C:\xampp\htdocs\piadvisor-1\app\tmp\cache\models\ is not writable in [C:\xampp\htdocs\piadvisor-1\cake\libs\cache\file.php, line 281]
2013-04-25 06:32:16 Warning: Warning (512): C:\xampp\htdocs\piadvisor-1\app\tmp\cache\persistent\ is not writable in [C:\xampp\htdocs\piadvisor-1\cake\libs\cache\file.php, line 281]
2013-04-25 06:32:17 Warning: Warning (512): C:\xampp\htdocs\piadvisor-1\app\tmp\cache\models\ is not writable in [C:\xampp\htdocs\piadvisor-1\cake\libs\cache\file.php, line 281]
2013-04-25 06:32:24 Warning: Warning (512): C:\xampp\htdocs\piadvisor-1\app\tmp\cache\persistent\ is not writable in [C:\xampp\htdocs\piadvisor-1\cake\libs\cache\file.php, line 281]
2013-04-25 06:32:24 Warning: Warning (512): C:\xampp\htdocs\piadvisor-1\app\tmp\cache\models\ is not writable in [C:\xampp\htdocs\piadvisor-1\cake\libs\cache\file.php, line 281]
2013-04-25 06:33:41 Warning: Warning (512): C:\xampp\htdocs\piadvisor-1\app\tmp\cache\persistent\ is not writable in [C:\xampp\htdocs\piadvisor-1\cake\libs\cache\file.php, line 281]
2013-04-25 06:33:41 Warning: Warning (512): C:\xampp\htdocs\piadvisor-1\app\tmp\cache\models\ is not writable in [C:\xampp\htdocs\piadvisor-1\cake\libs\cache\file.php, line 281]
2013-04-25 06:33:56 Warning: Warning (512): C:\xampp\htdocs\piadvisor-1\app\tmp\cache\persistent\ is not writable in [C:\xampp\htdocs\piadvisor-1\cake\libs\cache\file.php, line 281]
2013-04-25 06:33:56 Warning: Warning (512): C:\xampp\htdocs\piadvisor-1\app\tmp\cache\models\ is not writable in [C:\xampp\htdocs\piadvisor-1\cake\libs\cache\file.php, line 281]
2013-04-25 06:34:55 Warning: Warning (512): C:\xampp\htdocs\piadvisor-1\app\tmp\cache\persistent\ is not writable in [C:\xampp\htdocs\piadvisor-1\cake\libs\cache\file.php, line 281]
2013-04-25 06:34:55 Warning: Warning (512): C:\xampp\htdocs\piadvisor-1\app\tmp\cache\models\ is not writable in [C:\xampp\htdocs\piadvisor-1\cake\libs\cache\file.php, line 281]
2013-04-25 06:34:57 Warning: Warning (512): C:\xampp\htdocs\piadvisor-1\app\tmp\cache\persistent\ is not writable in [C:\xampp\htdocs\piadvisor-1\cake\libs\cache\file.php, line 281]
2013-04-25 06:34:57 Warning: Warning (512): C:\xampp\htdocs\piadvisor-1\app\tmp\cache\models\ is not writable in [C:\xampp\htdocs\piadvisor-1\cake\libs\cache\file.php, line 281]
2013-04-25 06:35:04 Warning: Warning (512): C:\xampp\htdocs\piadvisor-1\app\tmp\cache\persistent\ is not writable in [C:\xampp\htdocs\piadvisor-1\cake\libs\cache\file.php, line 281]
2013-04-25 06:35:04 Warning: Warning (512): C:\xampp\htdocs\piadvisor-1\app\tmp\cache\models\ is not writable in [C:\xampp\htdocs\piadvisor-1\cake\libs\cache\file.php, line 281]
2013-04-25 06:35:06 Warning: Warning (512): C:\xampp\htdocs\piadvisor-1\app\tmp\cache\persistent\ is not writable in [C:\xampp\htdocs\piadvisor-1\cake\libs\cache\file.php, line 281]
2013-04-25 06:35:06 Warning: Warning (512): C:\xampp\htdocs\piadvisor-1\app\tmp\cache\models\ is not writable in [C:\xampp\htdocs\piadvisor-1\cake\libs\cache\file.php, line 281]
2013-04-25 06:35:18 Warning: Warning (512): C:\xampp\htdocs\piadvisor-1\app\tmp\cache\persistent\ is not writable in [C:\xampp\htdocs\piadvisor-1\cake\libs\cache\file.php, line 281]
2013-04-25 06:35:18 Warning: Warning (512): C:\xampp\htdocs\piadvisor-1\app\tmp\cache\models\ is not writable in [C:\xampp\htdocs\piadvisor-1\cake\libs\cache\file.php, line 281]
2013-04-25 06:35:20 Warning: Warning (512): C:\xampp\htdocs\piadvisor-1\app\tmp\cache\persistent\ is not writable in [C:\xampp\htdocs\piadvisor-1\cake\libs\cache\file.php, line 281]
2013-04-25 06:35:20 Warning: Warning (512): C:\xampp\htdocs\piadvisor-1\app\tmp\cache\models\ is not writable in [C:\xampp\htdocs\piadvisor-1\cake\libs\cache\file.php, line 281]
